[
    {
        "line": "1",
        "severity": "error",
        "message": "Exception lev\u00e9e : com.puppycrawl.tools.checkstyle.api.CheckstyleException: IllegalStateException occurred while parsing file /home/fernanda/mnt/fernanda/git-styler/workspace4checkstylerr/workspace4analyses/toast-tk-toast-tk-engine/toast-tk-runtime/src/main/java/com/synaptix/toast/runtime/repository/VariableRepository.java.\n#x9;at com.puppycrawl.tools.checkstyle.JavaParser.parse(JavaParser.java:105)\n#x9;at com.puppycrawl.tools.checkstyle.TreeWalker.processFiltered(TreeWalker.java:160)\n#x9;at com.puppycrawl.tools.checkstyle.api.AbstractFileSetCheck.process(AbstractFileSetCheck.java:85)\n#x9;at com.puppycrawl.tools.checkstyle.Checker.processFile(Checker.java:332)\n#x9;at com.puppycrawl.tools.checkstyle.Checker.processFiles(Checker.java:294)\n#x9;at com.puppycrawl.tools.checkstyle.Checker.process(Checker.java:220)\n#x9;at com.puppycrawl.tools.checkstyle.Main.runCheckstyle(Main.java:394)\n#x9;at com.puppycrawl.tools.checkstyle.Main.runCli(Main.java:318)\n#x9;at com.puppycrawl.tools.checkstyle.Main.execute(Main.java:183)\n#x9;at com.puppycrawl.tools.checkstyle.Main.main(Main.java:120)\nCaused by: java.lang.IllegalStateException: /home/fernanda/mnt/fernanda/git-styler/workspace4checkstylerr/workspace4analyses/toast-tk-toast-tk-engine/toast-tk-runtime/src/main/java/com/synaptix/toast/runtime/repository/VariableRepository.java:11:1: expecting RCURLY, found '<<'\n#x9;at com.puppycrawl.tools.checkstyle.JavaParser$1.reportError(JavaParser.java:93)\n#x9;at com.puppycrawl.tools.checkstyle.grammar.GeneratedJavaRecognizer.typeDefinition(GeneratedJavaRecognizer.java:411)\n#x9;at com.puppycrawl.tools.checkstyle.grammar.GeneratedJavaRecognizer.compilationUnit(GeneratedJavaRecognizer.java:202)\n#x9;at com.puppycrawl.tools.checkstyle.JavaParser.parse(JavaParser.java:99)\n#x9;... 9 more\nCaused by: /home/fernanda/mnt/fernanda/git-styler/workspace4checkstylerr/workspace4analyses/toast-tk-toast-tk-engine/toast-tk-runtime/src/main/java/com/synaptix/toast/runtime/repository/VariableRepository.java:11:1: expecting RCURLY, found '<<'\n#x9;at antlr.Parser.match(Parser.java:211)\n#x9;at com.puppycrawl.tools.checkstyle.grammar.GeneratedJavaRecognizer.classBlock(GeneratedJavaRecognizer.java:2564)\n#x9;at com.puppycrawl.tools.checkstyle.grammar.GeneratedJavaRecognizer.classDefinition(GeneratedJavaRecognizer.java:634)\n#x9;at com.puppycrawl.tools.checkstyle.grammar.GeneratedJavaRecognizer.typeDefinitionInternal(GeneratedJavaRecognizer.java:556)\n#x9;at com.puppycrawl.tools.checkstyle.grammar.GeneratedJavaRecognizer.typeDefinition(GeneratedJavaRecognizer.java:389)\n#x9;... 11 more\n",
        "source": "com.puppycrawl.tools.checkstyle.Checker"
    }
]